<?xml version="1.0" encoding="UTF-8"?>
<!-- Generated by org.testng.reporters.JUnitReportReporter -->
<testsuite hostname="DESKTOP-IEPVL3O" failures="0" tests="1" name="execution.HomePageRunner" time="23.103" errors="0" timestamp="2024-01-16T14:59:24 IST" skipped="0">
  <testcase classname="execution.HomePageRunner" name="runScenario" time="23.103"/>
  <system-out/>
</testsuite> <!-- execution.HomePageRunner -->
